<?xml version="1.0" encoding="UTF-8"?>
<testsuite xmlns:xsi="http://www.w3.org/2001/XMLSchema-instance" xsi:noNamespaceSchemaLocation="https://maven.apache.org/surefire/maven-surefire-plugin/xsd/surefire-test-report.xsd" version="3.0.2" name="fr._42.spring.ApplicationTests" time="6.072" tests="1" errors="0" skipped="0" failures="0">
  <properties>
[...]
</properties>
  <testcase name="contextLoads" classname="fr._42.spring.ApplicationTests" time="0.334">
    <system-out><![CDATA[18:52:28.539 [main] INFO org.springframework.test.context.support.AnnotationConfigContextLoaderUtils -- Could not detect default configuration classes for test class [fr._42.spring.ApplicationTests]: ApplicationTests does not declare any static, non-private, non-final, nested classes annotated with @Configuration.
18:52:28.652 [main] INFO org.springframework.boot.test.context.SpringBootTestContextBootstrapper -- Found @SpringBootConfiguration fr._42.spring.Application for test class fr._42.spring.ApplicationTests

  .   ____          _            __ _ _
 /\\ / ___'_ __ _ _(_)_ __  __ _ \ \ \ \
( ( )\___ | '_ | '_| | '_ \/ _` | \ \ \ \
 \\/  ___)| |_)| | | | | || (_| |  ) ) ) )
  '  |____| .__|_| |_|_| |_\__, | / / / /
 =========|_|==============|___/=/_/_/_/

 :: Spring Boot ::                (v3.5.3)

2025-07-27T18:52:29.068+01:00  INFO 44829 --- [spring] [           main] fr._42.spring.ApplicationTests           : Starting ApplicationTests using Java 17.0.15 with PID 44829 (started by hkheiri in /home/hkheiri/spring)
2025-07-27T18:52:29.069+01:00  INFO 44829 --- [spring] [           main] fr._42.spring.ApplicationTests           : No active profile set, falling back to 1 default profile: "default"
2025-07-27T18:52:29.741+01:00  INFO 44829 --- [spring] [           main] .s.d.r.c.RepositoryConfigurationDelegate : Bootstrapping Spring Data JPA repositories in DEFAULT mode.
2025-07-27T18:52:29.810+01:00  INFO 44829 --- [spring] [           main] .s.d.r.c.RepositoryConfigurationDelegate : Finished Spring Data repository scanning in 58 ms. Found 7 JPA repository interfaces.
2025-07-27T18:52:30.262+01:00  INFO 44829 --- [spring] [           main] o.hibernate.jpa.internal.util.LogHelper  : HHH000204: Processing PersistenceUnitInfo [name: default]
2025-07-27T18:52:30.339+01:00  INFO 44829 --- [spring] [           main] org.hibernate.Version                    : HHH000412: Hibernate ORM core version 6.6.18.Final
2025-07-27T18:52:30.384+01:00  INFO 44829 --- [spring] [           main] o.h.c.internal.RegionFactoryInitiator    : HHH000026: Second-level cache disabled
2025-07-27T18:52:30.725+01:00  INFO 44829 --- [spring] [           main] o.s.o.j.p.SpringPersistenceUnitInfo      : No LoadTimeWeaver setup: ignoring JPA class transformer
2025-07-27T18:52:30.762+01:00  INFO 44829 --- [spring] [           main] com.zaxxer.hikari.HikariDataSource       : HikariPool-1 - Starting...
2025-07-27T18:52:30.941+01:00  INFO 44829 --- [spring] [           main] com.zaxxer.hikari.pool.HikariPool        : HikariPool-1 - Added connection org.postgresql.jdbc.PgConnection@60c98f25
2025-07-27T18:52:30.942+01:00  INFO 44829 --- [spring] [           main] com.zaxxer.hikari.HikariDataSource       : HikariPool-1 - Start completed.
2025-07-27T18:52:31.010+01:00  INFO 44829 --- [spring] [           main] org.hibernate.orm.connections.pooling    : HHH10001005: Database info:
	Database JDBC URL [Connecting through datasource 'HikariDataSource (HikariPool-1)']
	Database driver: undefined/unknown
	Database version: 17.0
	Autocommit mode: undefined/unknown
	Isolation level: undefined/unknown
	Minimum pool size: undefined/unknown
	Maximum pool size: undefined/unknown
2025-07-27T18:52:31.933+01:00  INFO 44829 --- [spring] [           main] o.h.e.t.j.p.i.JtaPlatformInitiator       : HHH000489: No JTA platform available (set 'hibernate.transaction.jta.platform' to enable JTA platform integration)
Hibernate: alter table if exists chat_messages add column sender_first_name varchar(255)
2025-07-27T18:52:32.057+01:00  INFO 44829 --- [spring] [           main] j.LocalContainerEntityManagerFactoryBean : Initialized JPA EntityManagerFactory for persistence unit 'default'
2025-07-27T18:52:32.388+01:00  INFO 44829 --- [spring] [           main] o.s.d.j.r.query.QueryEnhancerFactory     : Hibernate is in classpath; If applicable, HQL parser will be used.
2025-07-27T18:52:33.420+01:00  WARN 44829 --- [spring] [           main] JpaBaseConfiguration$JpaWebConfiguration : spring.jpa.open-in-view is enabled by default. Therefore, database queries may be performed during view rendering. Explicitly configure spring.jpa.open-in-view to disable this warning
2025-07-27T18:52:33.621+01:00  INFO 44829 --- [spring] [           main] r$InitializeUserDetailsManagerConfigurer : Global AuthenticationManager configured with UserDetailsService bean with name customUserDetailsService
2025-07-27T18:52:34.059+01:00  INFO 44829 --- [spring] [           main] o.s.m.s.b.SimpleBrokerMessageHandler     : Starting...
2025-07-27T18:52:34.060+01:00  INFO 44829 --- [spring] [           main] o.s.m.s.b.SimpleBrokerMessageHandler     : BrokerAvailabilityEvent[available=true, SimpleBrokerMessageHandler [org.springframework.messaging.simp.broker.DefaultSubscriptionRegistry@66b98075]]
2025-07-27T18:52:34.061+01:00  INFO 44829 --- [spring] [           main] o.s.m.s.b.SimpleBrokerMessageHandler     : Started.
2025-07-27T18:52:34.078+01:00  INFO 44829 --- [spring] [           main] fr._42.spring.ApplicationTests           : Started ApplicationTests in 5.268 seconds (process running for 6.615)
]]></system-out>
  </testcase>
</testsuite>